<?xml version="1.0" encoding="UTF-8"?>
<testng-results skipped="0" failed="0" ignored="0" total="2" passed="2">
  <reporter-output>
  </reporter-output>
  <suite name="Default suite" duration-ms="16953" started-at="2020-02-11T15:10:44Z" finished-at="2020-02-11T15:11:01Z">
    <groups>
    </groups>
    <test name="Default test" duration-ms="16953" started-at="2020-02-11T15:10:44Z" finished-at="2020-02-11T15:11:01Z">
      <class name="com.paraBank.testCases.TC_UpdateCustomer_004">
        <test-method status="PASS" signature="setUp()[pri:0, instance:com.paraBank.testCases.TC_UpdateCustomer_004@548e7350]" name="setUp" is-config="true" duration-ms="12112" started-at="2020-02-11T20:40:44Z" finished-at="2020-02-11T20:40:56Z">
          <reporter-output>
          </reporter-output>
        </test-method> <!-- setUp -->
        <test-method status="PASS" signature="SignIn()[pri:0, instance:com.paraBank.testCases.TC_UpdateCustomer_004@548e7350]" name="SignIn" duration-ms="1288" started-at="2020-02-11T20:40:56Z" finished-at="2020-02-11T20:40:57Z">
          <reporter-output>
          </reporter-output>
        </test-method> <!-- SignIn -->
        <test-method status="PASS" signature="updateCustomer()[pri:1, instance:com.paraBank.testCases.TC_UpdateCustomer_004@548e7350]" name="updateCustomer" duration-ms="2418" started-at="2020-02-11T20:40:57Z" finished-at="2020-02-11T20:40:59Z">
          <reporter-output>
          </reporter-output>
        </test-method> <!-- updateCustomer -->
        <test-method status="PASS" signature="tearDown()[pri:0, instance:com.paraBank.testCases.TC_UpdateCustomer_004@548e7350]" name="tearDown" is-config="true" duration-ms="1104" started-at="2020-02-11T20:40:59Z" finished-at="2020-02-11T20:41:01Z">
          <reporter-output>
          </reporter-output>
        </test-method> <!-- tearDown -->
      </class> <!-- com.paraBank.testCases.TC_UpdateCustomer_004 -->
    </test> <!-- Default test -->
  </suite> <!-- Default suite -->
</testng-results>
